[23/11/24 04:36:03] Handsupand INITIATED_INSTALL HeadDatabase from SPIGOTMC with ID 667f7d450a78af037b3b06b8
[23/11/24 04:36:03] Handsupand INSTALL HeadDatabase from SPIGOTMC with ID 667f7d450a78af037b3b06b8
[23/11/24 04:36:53] SYSTEM LOAD_PLUGINS Loaded 2 plugins from local cache
[24/11/24 01:02:18] SYSTEM LOAD_PLUGINS Loaded 2 plugins from local cache
[24/11/24 01:15:53] SYSTEM LOAD_PLUGINS Loaded 2 plugins from local cache
[24/11/24 02:13:25] SYSTEM LOAD_PLUGINS Loaded 2 plugins from local cache
[24/11/24 05:27:20] SYSTEM LOAD_PLUGINS Loaded 2 plugins from local cache
[24/11/24 05:39:43] SYSTEM LOAD_PLUGINS Loaded 2 plugins from local cache
[24/11/24 05:40:32] SYSTEM LOAD_PLUGINS Loaded 2 plugins from local cache
[24/11/24 05:49:11] SYSTEM LOAD_PLUGINS Loaded 2 plugins from local cache
[24/11/24 06:04:03] SYSTEM LOAD_PLUGINS Loaded 2 plugins from local cache
[24/11/24 06:22:29] SYSTEM LOAD_PLUGINS Loaded 2 plugins from local cache
[24/11/24 06:30:37] SYSTEM LOAD_PLUGINS Loaded 2 plugins from local cache
[24/11/24 21:41:36] SYSTEM LOAD_PLUGINS Loaded 2 plugins from local cache
[25/11/24 01:57:14] SYSTEM LOAD_PLUGINS Loaded 2 plugins from local cache
[25/11/24 04:15:44] SYSTEM LOAD_PLUGINS Loaded 2 plugins from local cache
[25/11/24 04:19:37] SYSTEM LOAD_PLUGINS Loaded 2 plugins from local cache
[25/11/24 22:13:31] SYSTEM LOAD_PLUGINS Loaded 2 plugins from local cache
[25/11/24 22:41:44] SYSTEM LOAD_PLUGINS Loaded 2 plugins from local cache
[26/11/24 20:49:20] SYSTEM LOAD_PLUGINS Loaded 2 plugins from local cache
[26/11/24 22:04:53] SYSTEM LOAD_PLUGINS Loaded 2 plugins from local cache
[26/11/24 23:56:22] SYSTEM LOAD_PLUGINS Loaded 2 plugins from local cache
[27/11/24 23:36:10] SYSTEM LOAD_PLUGINS Loaded 2 plugins from local cache
[27/11/24 23:38:54] SYSTEM LOAD_PLUGINS Loaded 2 plugins from local cache
[27/11/24 23:42:43] SYSTEM LOAD_PLUGINS Loaded 2 plugins from local cache
[27/11/24 23:47:15] SYSTEM LOAD_PLUGINS Loaded 2 plugins from local cache
[27/11/24 23:52:09] SYSTEM LOAD_PLUGINS Loaded 2 plugins from local cache
[27/11/24 23:53:29] SYSTEM LOAD_PLUGINS Loaded 2 plugins from local cache
[27/11/24 23:54:49] SYSTEM LOAD_PLUGINS Loaded 2 plugins from local cache
[27/11/24 23:58:04] SYSTEM LOAD_PLUGINS Loaded 2 plugins from local cache
[28/11/24 00:00:47] SYSTEM LOAD_PLUGINS Loaded 2 plugins from local cache
[28/11/24 01:20:24] SYSTEM LOAD_PLUGINS Loaded 2 plugins from local cache
[28/11/24 01:29:06] SYSTEM LOAD_PLUGINS Loaded 2 plugins from local cache
[28/11/24 01:35:37] SYSTEM LOAD_PLUGINS Loaded 2 plugins from local cache
[28/11/24 20:13:50] SYSTEM LOAD_PLUGINS Loaded 2 plugins from local cache
[28/11/24 20:16:39] SYSTEM LOAD_PLUGINS Loaded 2 plugins from local cache
[29/11/24 22:29:08] SYSTEM LOAD_PLUGINS Loaded 2 plugins from local cache
[29/11/24 23:44:38] SYSTEM LOAD_PLUGINS Loaded 2 plugins from local cache
[29/11/24 23:47:11] SYSTEM LOAD_PLUGINS Loaded 2 plugins from local cache
[30/11/24 01:36:00] SYSTEM LOAD_PLUGINS Loaded 2 plugins from local cache
[30/11/24 02:16:23] SYSTEM LOAD_PLUGINS Loaded 2 plugins from local cache
[30/11/24 02:50:05] SYSTEM LOAD_PLUGINS Loaded 2 plugins from local cache
[30/11/24 02:56:01] SYSTEM LOAD_PLUGINS Loaded 2 plugins from local cache
[30/11/24 02:58:08] SYSTEM LOAD_PLUGINS Loaded 2 plugins from local cache
[30/11/24 02:59:03] SYSTEM LOAD_PLUGINS Loaded 2 plugins from local cache
[30/11/24 04:27:51] Makit0oo INITIATED_INSTALL Bolt from HANGAR with ID 667c323964b550bf31f1b59a
[30/11/24 04:27:52] Makit0oo INSTALL Bolt from HANGAR with ID 667c323964b550bf31f1b59a
[30/11/24 04:28:23] SYSTEM LOAD_PLUGINS Loaded 3 plugins from local cache
[30/11/24 04:29:54] Makit0oo DELETE Bolt from HANGAR with ID Bolt
[30/11/24 04:39:26] SYSTEM LOAD_PLUGINS Loaded 2 plugins from local cache
[30/11/24 04:45:17] SYSTEM LOAD_PLUGINS Loaded 2 plugins from local cache
[30/11/24 05:04:03] SYSTEM LOAD_PLUGINS Loaded 2 plugins from local cache
[01/12/24 00:10:24] SYSTEM LOAD_PLUGINS Loaded 2 plugins from local cache
[01/12/24 23:44:42] SYSTEM LOAD_PLUGINS Loaded 2 plugins from local cache
[02/12/24 21:47:39] SYSTEM LOAD_PLUGINS Loaded 2 plugins from local cache
[02/12/24 21:49:57] SYSTEM LOAD_PLUGINS Loaded 2 plugins from local cache
[02/12/24 21:52:24] SYSTEM LOAD_PLUGINS Loaded 2 plugins from local cache
[02/12/24 21:54:36] SYSTEM LOAD_PLUGINS Loaded 2 plugins from local cache
[02/12/24 21:59:34] SYSTEM LOAD_PLUGINS Loaded 2 plugins from local cache
[02/12/24 22:03:31] SYSTEM LOAD_PLUGINS Loaded 2 plugins from local cache
[02/12/24 22:04:31] SYSTEM LOAD_PLUGINS Loaded 2 plugins from local cache
[02/12/24 22:05:18] v783 INITIATED_INSTALL WorldEdit from MODRINTH with ID 667c31c564b550bf31f1b23a
[02/12/24 22:05:18] v783 INSTALL WorldEdit from MODRINTH with ID 667c31c564b550bf31f1b23a
[02/12/24 22:05:38] SYSTEM LOAD_PLUGINS Loaded 3 plugins from local cache
[02/12/24 22:09:48] SYSTEM LOAD_PLUGINS Loaded 3 plugins from local cache
[02/12/24 22:12:26] SYSTEM LOAD_PLUGINS Loaded 3 plugins from local cache
[02/12/24 22:16:38] SYSTEM LOAD_PLUGINS Loaded 3 plugins from local cache
[02/12/24 22:23:21] SYSTEM LOAD_PLUGINS Loaded 3 plugins from local cache
[02/12/24 22:25:27] SYSTEM LOAD_PLUGINS Loaded 3 plugins from local cache
[02/12/24 22:45:20] SYSTEM LOAD_PLUGINS Loaded 3 plugins from local cache
[02/12/24 23:22:51] SYSTEM LOAD_PLUGINS Loaded 3 plugins from local cache
[02/12/24 23:27:52] SYSTEM LOAD_PLUGINS Loaded 3 plugins from local cache
[02/12/24 23:38:02] SYSTEM LOAD_PLUGINS Loaded 3 plugins from local cache
[03/12/24 01:00:29] SYSTEM LOAD_PLUGINS Loaded 3 plugins from local cache
[03/12/24 01:14:41] SYSTEM LOAD_PLUGINS Loaded 3 plugins from local cache
[03/12/24 01:16:34] SYSTEM LOAD_PLUGINS Loaded 3 plugins from local cache
[03/12/24 01:22:06] Makit0oo INITIATED_INSTALL WorldGuard from MODRINTH with ID 6748a36e29f3384fd174e617
[03/12/24 01:22:06] Makit0oo INSTALL WorldGuard from MODRINTH with ID 6748a36e29f3384fd174e617
[03/12/24 01:23:12] SYSTEM LOAD_PLUGINS Loaded 4 plugins from local cache
[03/12/24 01:27:28] SYSTEM LOAD_PLUGINS Loaded 4 plugins from local cache
[03/12/24 02:11:46] SYSTEM LOAD_PLUGINS Loaded 4 plugins from local cache
[03/12/24 02:13:58] SYSTEM LOAD_PLUGINS Loaded 4 plugins from local cache
[03/12/24 02:34:15] SYSTEM LOAD_PLUGINS Loaded 4 plugins from local cache
