[00:00:07] [Server thread/INFO]: Named entity CustomSkeleton['Demon'/7469, uuid='3dc6bc05-b2b5-4e47-bdd1-58a6c9251007', l='ServerLevel[world]', x=-302.33, y=69.00, z=-662.65, cpos=[-19, -42], tl=1784, v=true] died: Demon was slain by Yesvy
[00:00:30] [Server thread/INFO]: Yesvy lost connection: Disconnected
[00:00:39] [Async Chat Thread - #7/INFO]: [Not Secure] <JzYq> el spawn esta en 0 0 xd
[00:00:45] [User Authenticator #5/INFO]: UUID of player asd10293 is c1237f06-70d3-32e1-aaa7-c44c163aed9d
[00:00:45] [Server thread/INFO]: asd10293[/127.124.98.179:35579] logged in with entity id 8611 at ([world]-8.5, 132.0, 2.5)
[00:00:46] [Async Chat Thread - #6/INFO]: [Not Secure] <_6Jul9_> ya se fue
[00:00:49] [Async Chat Thread - #7/INFO]: [Not Secure] <JzYq> el spawn esta en 0 0 xd
[00:00:59] [Server thread/INFO]: [AuthMe] asd10293 registered 127.124.98.179
[00:00:59] [Craft Scheduler Thread - 39 - AuthMe/INFO]: [AuthMe] asd10293 logged in 127.124.98.179
[00:01:59] [Server thread/INFO]: Named entity CustomSkeleton['Demon'/10430, uuid='11a34aee-3d0a-4bba-98ca-cee4c1ecac76', l='ServerLevel[world]', x=-35499.50, y=70.00, z=-20045.50, cpos=[-2219, -1253], tl=0, v=false] died: Demon died
[00:01:59] [Server thread/INFO]: Named entity CustomSkeleton['Demon'/10432, uuid='7a023369-464e-4e2f-89f0-151746777e1e', l='ServerLevel[world]', x=-35499.50, y=70.00, z=-20045.50, cpos=[-2219, -1253], tl=0, v=false] died: Demon died
[00:02:16] [Server thread/INFO]: asd10293 fell from a high place
[00:02:37] [Server thread/INFO]: discordia00 has made the advancement [Hot Stuff]
[00:02:47] [User Authenticator #6/INFO]: UUID of player mayel100 is 957d6fee-52ff-3127-ae25-72dac00b8a7f
[00:02:48] [Server thread/INFO]: mayel100[/127.91.94.115:49481] logged in with entity id 12539 at ([world]-7.5, 127.0, -1.5)
[00:03:20] [Server thread/INFO]: [AuthMe] mayel100 registered 127.91.94.115
[00:03:20] [Craft Scheduler Thread - 44 - AuthMe/INFO]: [AuthMe] mayel100 logged in 127.91.94.115
[00:03:39] [Server thread/INFO]: ClansLite: mayel100 did not have enough points to remove when they were killed!
[00:03:39] [Server thread/INFO]: mayel100 was slain by asd10293
[00:03:44] [Async Chat Thread - #8/INFO]: [Not Secure] <JzYq> asd10293
[00:03:47] [Async Chat Thread - #9/INFO]: [Not Secure] <asd10293> q
[00:03:49] [Async Chat Thread - #8/INFO]: [Not Secure] <JzYq> No cheats
[00:03:51] [Async Chat Thread - #9/INFO]: [Not Secure] <JzYq> ultimo aviso
[00:03:52] [Server thread/INFO]: discordia00 has made the advancement [We Need to Go Deeper]
[00:03:58] [Async Chat Thread - #8/INFO]: [Not Secure] <asd10293> q dices
[00:04:03] [Server thread/INFO]: mayel100 has made the advancement [Monster Hunter]
[00:04:04] [Server thread/INFO]: asd10293 issued server command: /msg JzYq no lo amte con nd
[00:04:04] [Server thread/INFO]: mayel100 fell from a high place
[00:04:05] [Server thread/INFO]: asd10293 issued server command: /r XD
[00:04:13] [Server thread/INFO]: asd10293 issued server command: /msg JzYq pura espada xd
[00:04:14] [Server thread/INFO]: JzYq issued server command: /msg asd10293 me lloro uno al md discord
